<?xml version="1.0" encoding="UTF-8"?>
<!-- Generated by org.testng.reporters.JUnitXMLReporter -->
<testsuite hostname="DESKTOP-VHE9KR6" ignored="0" name="Default test" tests="4" failures="0" timestamp="27 Apr 2019 17:37:49 GMT" time="0.22" errors="0">
  <testcase name="div" time="0.027" classname="com.qa.test.DemoTest"/>
  <testcase name="mul" time="0.004" classname="com.qa.test.DemoTest"/>
  <testcase name="sub" time="0.004" classname="com.qa.test.DemoTest"/>
  <testcase name="sum" time="0.004" classname="com.qa.test.DemoTest"/>
</testsuite> <!-- Default test -->
