<?xml version="1.0" encoding="UTF-8"?>
<!-- Generated by org.testng.reporters.JUnitXMLReporter -->
<testsuite hostname="DESKTOP-VHE9KR6" ignored="0" name="Test maven testing" tests="12" failures="0" timestamp="27 Apr 2019 19:55:46 GMT" time="0.098" errors="0">
  <testcase name="div" time="0.02" classname="com.qa.test.DemoTest"/>
  <testcase name="mul" time="0.0" classname="com.qa.test.DemoTest"/>
  <testcase name="sub" time="0.0" classname="com.qa.test.DemoTest"/>
  <testcase name="sum" time="0.0" classname="com.qa.test.DemoTest"/>
  <testcase name="div" time="0.002" classname="com.qa.test.DemoTest1"/>
  <testcase name="mul" time="0.0" classname="com.qa.test.DemoTest1"/>
  <testcase name="sub" time="0.0" classname="com.qa.test.DemoTest1"/>
  <testcase name="sum" time="0.0" classname="com.qa.test.DemoTest1"/>
  <testcase name="div" time="0.0" classname="com.qa.test.DemoTest2"/>
  <testcase name="mul" time="0.0" classname="com.qa.test.DemoTest2"/>
  <testcase name="sub" time="0.0" classname="com.qa.test.DemoTest2"/>
  <testcase name="sum" time="0.0" classname="com.qa.test.DemoTest2"/>
</testsuite> <!-- Test maven testing -->
