<?xml version="1.0" encoding="UTF-8"?>
<testng-results skipped="0" failed="0" ignored="0" total="12" passed="12">
  <reporter-output>
  </reporter-output>
  <suite name="Suite" duration-ms="98" started-at="2019-04-27T19:55:45Z" finished-at="2019-04-27T19:55:45Z">
    <groups>
    </groups>
    <test name="Test maven testing" duration-ms="98" started-at="2019-04-27T19:55:45Z" finished-at="2019-04-27T19:55:45Z">
      <class name="com.qa.test.DemoTest">
        <test-method status="PASS" signature="div()[pri:0, instance:com.qa.test.DemoTest@71be98f5]" name="div" duration-ms="20" started-at="2019-04-27T19:55:45Z" finished-at="2019-04-27T19:55:45Z">
          <reporter-output>
          </reporter-output>
        </test-method> <!-- div -->
        <test-method status="PASS" signature="mul()[pri:0, instance:com.qa.test.DemoTest@71be98f5]" name="mul" duration-ms="0" started-at="2019-04-27T19:55:45Z" finished-at="2019-04-27T19:55:45Z">
          <reporter-output>
          </reporter-output>
        </test-method> <!-- mul -->
        <test-method status="PASS" signature="sum()[pri:0, instance:com.qa.test.DemoTest@71be98f5]" name="sum" duration-ms="0" started-at="2019-04-27T19:55:45Z" finished-at="2019-04-27T19:55:45Z">
          <reporter-output>
          </reporter-output>
        </test-method> <!-- sum -->
        <test-method status="PASS" signature="sub()[pri:0, instance:com.qa.test.DemoTest@71be98f5]" name="sub" duration-ms="0" started-at="2019-04-27T19:55:45Z" finished-at="2019-04-27T19:55:45Z">
          <reporter-output>
          </reporter-output>
        </test-method> <!-- sub -->
      </class> <!-- com.qa.test.DemoTest -->
      <class name="com.qa.test.DemoTest1">
        <test-method status="PASS" signature="div()[pri:0, instance:com.qa.test.DemoTest1@6fadae5d]" name="div" duration-ms="2" started-at="2019-04-27T19:55:45Z" finished-at="2019-04-27T19:55:45Z">
          <reporter-output>
          </reporter-output>
        </test-method> <!-- div -->
        <test-method status="PASS" signature="mul()[pri:0, instance:com.qa.test.DemoTest1@6fadae5d]" name="mul" duration-ms="0" started-at="2019-04-27T19:55:45Z" finished-at="2019-04-27T19:55:45Z">
          <reporter-output>
          </reporter-output>
        </test-method> <!-- mul -->
        <test-method status="PASS" signature="sum()[pri:0, instance:com.qa.test.DemoTest1@6fadae5d]" name="sum" duration-ms="0" started-at="2019-04-27T19:55:45Z" finished-at="2019-04-27T19:55:45Z">
          <reporter-output>
          </reporter-output>
        </test-method> <!-- sum -->
        <test-method status="PASS" signature="sub()[pri:0, instance:com.qa.test.DemoTest1@6fadae5d]" name="sub" duration-ms="0" started-at="2019-04-27T19:55:45Z" finished-at="2019-04-27T19:55:45Z">
          <reporter-output>
          </reporter-output>
        </test-method> <!-- sub -->
      </class> <!-- com.qa.test.DemoTest1 -->
      <class name="com.qa.test.DemoTest2">
        <test-method status="PASS" signature="div()[pri:0, instance:com.qa.test.DemoTest2@17f6480]" name="div" duration-ms="0" started-at="2019-04-27T19:55:45Z" finished-at="2019-04-27T19:55:45Z">
          <reporter-output>
          </reporter-output>
        </test-method> <!-- div -->
        <test-method status="PASS" signature="sum()[pri:0, instance:com.qa.test.DemoTest2@17f6480]" name="sum" duration-ms="0" started-at="2019-04-27T19:55:45Z" finished-at="2019-04-27T19:55:45Z">
          <reporter-output>
          </reporter-output>
        </test-method> <!-- sum -->
        <test-method status="PASS" signature="mul()[pri:0, instance:com.qa.test.DemoTest2@17f6480]" name="mul" duration-ms="0" started-at="2019-04-27T19:55:45Z" finished-at="2019-04-27T19:55:45Z">
          <reporter-output>
          </reporter-output>
        </test-method> <!-- mul -->
        <test-method status="PASS" signature="sub()[pri:0, instance:com.qa.test.DemoTest2@17f6480]" name="sub" duration-ms="0" started-at="2019-04-27T19:55:45Z" finished-at="2019-04-27T19:55:45Z">
          <reporter-output>
          </reporter-output>
        </test-method> <!-- sub -->
      </class> <!-- com.qa.test.DemoTest2 -->
    </test> <!-- Test maven testing -->
  </suite> <!-- Suite -->
</testng-results>
