<?xml version="1.0" encoding="UTF-8"?>
<testng-results skipped="0" failed="0" ignored="0" total="4" passed="4">
  <reporter-output>
  </reporter-output>
  <suite name="Default suite" duration-ms="220" started-at="2019-04-27T17:37:46Z" finished-at="2019-04-27T17:37:47Z">
    <groups>
    </groups>
    <test name="Default test" duration-ms="220" started-at="2019-04-27T17:37:46Z" finished-at="2019-04-27T17:37:47Z">
      <class name="com.qa.test.DemoTest">
        <test-method status="PASS" signature="div()[pri:0, instance:com.qa.test.DemoTest@7823a2f9]" name="div" duration-ms="27" started-at="2019-04-27T17:37:47Z" finished-at="2019-04-27T17:37:47Z">
          <reporter-output>
          </reporter-output>
        </test-method> <!-- div -->
        <test-method status="PASS" signature="mul()[pri:0, instance:com.qa.test.DemoTest@7823a2f9]" name="mul" duration-ms="4" started-at="2019-04-27T17:37:47Z" finished-at="2019-04-27T17:37:47Z">
          <reporter-output>
          </reporter-output>
        </test-method> <!-- mul -->
        <test-method status="PASS" signature="sub()[pri:0, instance:com.qa.test.DemoTest@7823a2f9]" name="sub" duration-ms="4" started-at="2019-04-27T17:37:47Z" finished-at="2019-04-27T17:37:47Z">
          <reporter-output>
          </reporter-output>
        </test-method> <!-- sub -->
        <test-method status="PASS" signature="sum()[pri:0, instance:com.qa.test.DemoTest@7823a2f9]" name="sum" duration-ms="4" started-at="2019-04-27T17:37:47Z" finished-at="2019-04-27T17:37:47Z">
          <reporter-output>
          </reporter-output>
        </test-method> <!-- sum -->
      </class> <!-- com.qa.test.DemoTest -->
    </test> <!-- Default test -->
  </suite> <!-- Default suite -->
</testng-results>
